<?xml version="1.0" encoding="UTF-8"?>
<testsuite name="TestSmartCasts" tests="3" skipped="0" failures="0" errors="0" timestamp="2021-08-20T03:49:54" hostname="wplex-mrossi3" time="0.034">
  <properties/>
  <testcase name="testNum" classname="TestSmartCasts" time="0.004"/>
  <testcase name="testSum" classname="TestSmartCasts" time="0.016"/>
  <testcase name="testRecursion" classname="TestSmartCasts" time="0.014"/>
  <system-out><![CDATA[]]></system-out>
  <system-err><![CDATA[]]></system-err>
</testsuite>
