<?xml version="1.0" encoding="UTF-8"?>
<testsuite name="Test" tests="1" skipped="0" failures="0" errors="0" timestamp="2021-08-20T00:36:39" hostname="wplex-mrossi3" time="0.044">
  <properties/>
  <testcase name="testSolution" classname="Test" time="0.044"/>
  <system-out><![CDATA[]]></system-out>
  <system-err><![CDATA[]]></system-err>
</testsuite>
