<?xml version="1.0" encoding="UTF-8"?>
<testsuite name="TestComparison" tests="2" skipped="0" failures="0" errors="0" timestamp="2021-08-20T13:26:23" hostname="wplex-mrossi3" time="0.005">
  <properties/>
  <testcase name="testAfter" classname="TestComparison" time="0.004"/>
  <testcase name="testBefore" classname="TestComparison" time="0.001"/>
  <system-out><![CDATA[]]></system-out>
  <system-err><![CDATA[]]></system-err>
</testsuite>
